<?xml version="1.0" encoding="UTF-8"?>
<!-- 
	This is a copy of persistence.xml with data source and several settings adjusted for UT and IT.
 -->
<persistence
	xmlns="http://xmlns.jcp.org/xml/ns/persistence"
	xmlns:xsi="http://www.w3.org/2001/XMLSchema-instance"
	xsi:schemaLocation="http://xmlns.jcp.org/xml/ns/persistence http://xmlns.jcp.org/xml/ns/persistence/persistence_2_1.xsd"
	version="2.1"
>
	<persistence-unit name="kickoff">
		<jta-data-source>java:app/kickoff/TestDataSource</jta-data-source>

		<mapping-file>META-INF/LoginToken.xml</mapping-file>
		<mapping-file>META-INF/User.xml</mapping-file>

		<properties>
			<property name="javax.persistence.schema-generation.database.action" value="drop-and-create" />
			
			<!-- Hibernate specific options -->
			<property name="hibernate.show_sql" value="true" />
			<property name="hibernate.cache.use_second_level_cache" value="false" />
			<property name="hibernate.cache.use_query_cache" value="false" />
			<property name="wildfly.jpa.twophasebootstrap" value="false" /> <!-- https://issues.jboss.org/browse/WFLY-2727 -->
			
			<!-- EclipseLink specific options -->
			<property name="eclipselink.weaving" value="static" />
			<property name="eclipselink.logging.level.sql" value="FINEST" />
			<property name="eclipselink.logging.level" value="FINEST" />
			<property name="eclipselink.logging.level.cache" value="FINEST" />
		</properties>
	</persistence-unit>
</persistence>